<?xml version="1.0" encoding="UTF-8"?>
<testsuite xmlns:xsi="http://www.w3.org/2001/XMLSchema-instance" xsi:noNamespaceSchemaLocation="https://maven.apache.org/surefire/maven-surefire-plugin/xsd/surefire-test-report.xsd" name="com.objis.demomaven.AppTest" time="0.05" tests="1" errors="0" skipped="0" failures="0">
  <properties>
    <property name="sun.desktop" value="windows"/>
    <property name="awt.toolkit" value="sun.awt.windows.WToolkit"/>
    <property name="file.encoding.pkg" value="sun.io"/>
    <property name="java.specification.version" value="1.8"/>
    <property name="sun.cpu.isalist" value="amd64"/>
    <property name="sun.jnu.encoding" value="Cp1252"/>
    <property name="java.class.path" value="D:\Fahd\Open_groupe\Formation\devops\tps\tp2maven\monappli\monappli-dao\target\test-classes;D:\Fahd\Open_groupe\Formation\devops\tps\tp2maven\monappli\monappli-dao\target\classes;C:\Users\fse18001\.m2\repository\junit\junit\4.11\junit-4.11.jar;C:\Users\fse18001\.m2\repository\org\hamcrest\hamcrest-core\1.3\hamcrest-core-1.3.jar;C:\Users\fse18001\.m2\repository\com\objis\demomaven\monappli-domaine\1.0-SNAPSHOT\monappli-domaine-1.0-SNAPSHOT.jar;"/>
    <property name="java.vm.vendor" value="Oracle Corporation"/>
    <property name="sun.arch.data.model" value="64"/>
    <property name="user.variant" value=""/>
    <property name="java.vendor.url" value="http://java.oracle.com/"/>
    <property name="user.timezone" value="Europe/Paris"/>
    <property name="java.vm.specification.version" value="1.8"/>
    <property name="os.name" value="Windows 10"/>
    <property name="user.country" value="FR"/>
    <property name="sun.java.launcher" value="SUN_STANDARD"/>
    <property name="sun.boot.library.path" value="C:\Program Files\Java\jdk1.8.0_73\jre\bin"/>
    <property name="sun.java.command" value="C:\Users\fse18001\AppData\Local\Temp\surefire5904179591527126876\surefirebooter1469724007564864150.jar C:\Users\fse18001\AppData\Local\Temp\surefire5904179591527126876 2020-05-12T16-37-46_203-jvmRun1 surefire9139492310613580033tmp surefire_08008560560217693668tmp"/>
    <property name="surefire.test.class.path" value="D:\Fahd\Open_groupe\Formation\devops\tps\tp2maven\monappli\monappli-dao\target\test-classes;D:\Fahd\Open_groupe\Formation\devops\tps\tp2maven\monappli\monappli-dao\target\classes;C:\Users\fse18001\.m2\repository\junit\junit\4.11\junit-4.11.jar;C:\Users\fse18001\.m2\repository\org\hamcrest\hamcrest-core\1.3\hamcrest-core-1.3.jar;C:\Users\fse18001\.m2\repository\com\objis\demomaven\monappli-domaine\1.0-SNAPSHOT\monappli-domaine-1.0-SNAPSHOT.jar;"/>
    <property name="sun.cpu.endian" value="little"/>
    <property name="user.home" value="C:\Users\fse18001"/>
    <property name="user.language" value="fr"/>
    <property name="java.specification.vendor" value="Oracle Corporation"/>
    <property name="java.home" value="C:\Program Files\Java\jdk1.8.0_73\jre"/>
    <property name="basedir" value="D:\Fahd\Open_groupe\Formation\devops\tps\tp2maven\monappli\monappli-dao"/>
    <property name="file.separator" value="\"/>
    <property name="line.separator" value="&#10;"/>
    <property name="java.vm.specification.vendor" value="Oracle Corporation"/>
    <property name="java.specification.name" value="Java Platform API Specification"/>
    <property name="java.awt.graphicsenv" value="sun.awt.Win32GraphicsEnvironment"/>
    <property name="surefire.real.class.path" value="C:\Users\fse18001\AppData\Local\Temp\surefire5904179591527126876\surefirebooter1469724007564864150.jar"/>
    <property name="sun.boot.class.path" value="C:\Program Files\Java\jdk1.8.0_73\jre\lib\resources.jar;C:\Program Files\Java\jdk1.8.0_73\jre\lib\rt.jar;C:\Program Files\Java\jdk1.8.0_73\jre\lib\sunrsasign.jar;C:\Program Files\Java\jdk1.8.0_73\jre\lib\jsse.jar;C:\Program Files\Java\jdk1.8.0_73\jre\lib\jce.jar;C:\Program Files\Java\jdk1.8.0_73\jre\lib\charsets.jar;C:\Program Files\Java\jdk1.8.0_73\jre\lib\jfr.jar;C:\Program Files\Java\jdk1.8.0_73\jre\classes"/>
    <property name="user.script" value=""/>
    <property name="sun.management.compiler" value="HotSpot 64-Bit Tiered Compilers"/>
    <property name="java.runtime.version" value="1.8.0_73-b02"/>
    <property name="user.name" value="FSE18001"/>
    <property name="path.separator" value=";"/>
    <property name="os.version" value="10.0"/>
    <property name="java.endorsed.dirs" value="C:\Program Files\Java\jdk1.8.0_73\jre\lib\endorsed"/>
    <property name="java.runtime.name" value="Java(TM) SE Runtime Environment"/>
    <property name="file.encoding" value="Cp1252"/>
    <property name="java.vm.name" value="Java HotSpot(TM) 64-Bit Server VM"/>
    <property name="localRepository" value="C:\Users\fse18001\.m2\repository"/>
    <property name="java.vendor.url.bug" value="http://bugreport.sun.com/bugreport/"/>
    <property name="java.io.tmpdir" value="C:\Users\fse18001\AppData\Local\Temp\"/>
    <property name="java.version" value="1.8.0_73"/>
    <property name="user.dir" value="D:\Fahd\Open_groupe\Formation\devops\tps\tp2maven\monappli\monappli-dao"/>
    <property name="os.arch" value="amd64"/>
    <property name="java.vm.specification.name" value="Java Virtual Machine Specification"/>
    <property name="java.awt.printerjob" value="sun.awt.windows.WPrinterJob"/>
    <property name="sun.os.patch.level" value=""/>
    <property name="java.library.path" value="C:\Program Files\Java\jdk1.8.0_73\jre\bin;C:\Windows\Sun\Java\bin;C:\Windows\system32;C:\Windows;C:\ProgramData\DockerDesktop\version-bin;C:\Program Files\Docker\Docker\Resources\bin;C:\Python27\;C:\Python27\Scripts;C:\ProgramData\Oracle\Java\javapath;C:\Program Files (x86)\Intel\iCLS Client\;C:\Program Files\Intel\iCLS Client\;C:\Windows\system32;C:\Windows;C:\Windows\System32\Wbem;C:\Windows\System32\WindowsPowerShell\v1.0\;C:\Program Files (x86)\Intel\Intel(R) Management Engine Components\DAL;C:\Program Files\Intel\Intel(R) Management Engine Components\DAL;C:\Program Files (x86)\Intel\Intel(R) Management Engine Components\IPT;C:\Program Files\Intel\Intel(R) Management Engine Components\IPT;C:\Program Files\Intel\WiFi\bin\;C:\Program Files\Common Files\Intel\WirelessCommon\;D:\Fahd\Outils\apache-maven-3.5.2\bin;D:\Fahd\Outils\mysql-connector-java-5.1.45;D:\Fahd\Outils\apache-ant-1.10.1\bin;C:\Program Files\Java\jdk1.8.0_73\bin;D:\Fahd\Perso\project\node-v8.9.4-win-x64;D:\Fahd\Outils\apache-tomcat-8.0.18;C:\Program Files\TortoiseGit\bin;D:\Fahd\Outils\AOMEI Backupper;C:\Program Files\TortoiseSVN\bin;C:\Program Files (x86)\PuTTY\;C:\Tools\node_installation\node;C:\Tools\node_installation\node\yarn\dist\bin;C:\Program Files (x86)\Symantec\VIP Access Client\;C:\Users\fse18001\AppData\Local\Programs\Git\cmd;C:\Users\fse18001\AppData\Local\Programs\Git\mingw64\bin;C:\Users\fse18001\AppData\Local\Programs\Git\usr\bin;C:\Program Files\nodejs\;C:\ProgramData\chocolatey\bin;C:\Users\fse18001\AppData\Local\Microsoft\WindowsApps;C:\Users\fse18001\AppData\Local\Programs\Git\cmd;C:\Users\fse18001\AppData\Local\Programs\Git\mingw64\bin;C:\Users\fse18001\AppData\Local\Programs\Git\usr\bin;C:\Users\fse18001\AppData\Local\Programs\Microsoft VS Code\bin;C:\Tools\node_installation\node;C:\Users\fse18001\AppData\Roaming\npm;."/>
    <property name="java.vm.info" value="mixed mode"/>
    <property name="java.vendor" value="Oracle Corporation"/>
    <property name="java.vm.version" value="25.73-b02"/>
    <property name="java.ext.dirs" value="C:\Program Files\Java\jdk1.8.0_73\jre\lib\ext;C:\Windows\Sun\Java\lib\ext"/>
    <property name="sun.io.unicode.encoding" value="UnicodeLittle"/>
    <property name="java.class.version" value="52.0"/>
  </properties>
  <testcase name="shouldAnswerWithTrue" classname="com.objis.demomaven.AppTest" time="0.002"/>
</testsuite>